{"level":"info","message":"[Tue Apr 09 2024 04:50:50 GMT-0500 (Central Daylight Time)] Executing (default): SELECT name FROM sqlite_master WHERE type='table' AND name='locations';"}
{"level":"info","message":"[Tue Apr 09 2024 04:50:50 GMT-0500 (Central Daylight Time)] Executing (default): PRAGMA INDEX_LIST(`locations`)"}
{"level":"info","message":"[Tue Apr 09 2024 04:50:50 GMT-0500 (Central Daylight Time)] Executing (default): PRAGMA INDEX_INFO(`sqlite_autoindex_locations_1`)"}
{"level":"info","message":"[Tue Apr 09 2024 04:50:50 GMT-0500 (Central Daylight Time)] Executing (default): SELECT name FROM sqlite_master WHERE type='table' AND name='users';"}
{"level":"info","message":"[Tue Apr 09 2024 04:50:50 GMT-0500 (Central Daylight Time)] Executing (default): PRAGMA INDEX_LIST(`users`)"}
{"level":"info","message":"[Tue Apr 09 2024 04:50:50 GMT-0500 (Central Daylight Time)] Executing (default): PRAGMA INDEX_INFO(`sqlite_autoindex_users_1`)"}
{"level":"info","message":"[Tue Apr 09 2024 04:50:50 GMT-0500 (Central Daylight Time)] Executing (default): SELECT name FROM sqlite_master WHERE type='table' AND name='courses';"}
{"level":"info","message":"[Tue Apr 09 2024 04:50:50 GMT-0500 (Central Daylight Time)] Executing (default): PRAGMA INDEX_LIST(`courses`)"}
{"level":"info","message":"[Tue Apr 09 2024 04:50:50 GMT-0500 (Central Daylight Time)] Executing (default): PRAGMA INDEX_INFO(`sqlite_autoindex_courses_1`)"}
{"level":"info","message":"[Tue Apr 09 2024 04:50:50 GMT-0500 (Central Daylight Time)] Executing (default): PRAGMA INDEX_INFO(`sqlite_autoindex_courses_2`)"}
{"level":"info","message":"[Tue Apr 09 2024 04:53:28 GMT-0500 (Central Daylight Time)] Executing (default): SELECT name FROM sqlite_master WHERE type='table' AND name='locations';"}
{"level":"info","message":"[Tue Apr 09 2024 04:53:28 GMT-0500 (Central Daylight Time)] Executing (default): PRAGMA INDEX_LIST(`locations`)"}
{"level":"info","message":"[Tue Apr 09 2024 04:53:28 GMT-0500 (Central Daylight Time)] Executing (default): PRAGMA INDEX_INFO(`sqlite_autoindex_locations_1`)"}
{"level":"info","message":"[Tue Apr 09 2024 04:53:28 GMT-0500 (Central Daylight Time)] Executing (default): SELECT name FROM sqlite_master WHERE type='table' AND name='users';"}
{"level":"info","message":"[Tue Apr 09 2024 04:53:28 GMT-0500 (Central Daylight Time)] Executing (default): PRAGMA INDEX_LIST(`users`)"}
{"level":"info","message":"[Tue Apr 09 2024 04:53:28 GMT-0500 (Central Daylight Time)] Executing (default): PRAGMA INDEX_INFO(`sqlite_autoindex_users_1`)"}
{"level":"info","message":"[Tue Apr 09 2024 04:53:28 GMT-0500 (Central Daylight Time)] Executing (default): SELECT name FROM sqlite_master WHERE type='table' AND name='courses';"}
{"level":"info","message":"[Tue Apr 09 2024 04:53:28 GMT-0500 (Central Daylight Time)] Executing (default): PRAGMA INDEX_LIST(`courses`)"}
{"level":"info","message":"[Tue Apr 09 2024 04:53:28 GMT-0500 (Central Daylight Time)] Executing (default): PRAGMA INDEX_INFO(`sqlite_autoindex_courses_1`)"}
{"level":"info","message":"[Tue Apr 09 2024 04:53:28 GMT-0500 (Central Daylight Time)] Executing (default): PRAGMA INDEX_INFO(`sqlite_autoindex_courses_2`)"}
{"level":"info","message":"::1 - - [09/Apr/2024:09:53:31 +0000] \"GET / HTTP/1.1\" 304 -\n"}
{"level":"info","message":"::1 - - [09/Apr/2024:09:53:35 +0000] \"GET /apidoc/ HTTP/1.1\" 200 44566\n"}
{"level":"info","message":"::1 - - [09/Apr/2024:09:53:35 +0000] \"GET /apidoc/assets/prism.css?v=1712656406653 HTTP/1.1\" 200 1766\n"}
{"level":"info","message":"::1 - - [09/Apr/2024:09:53:35 +0000] \"GET /apidoc/assets/prism-toolbar.css?v=1712656406653 HTTP/1.1\" 200 1565\n"}
{"level":"info","message":"::1 - - [09/Apr/2024:09:53:35 +0000] \"GET /apidoc/assets/prism-diff-highlight.css?v=1712656406653 HTTP/1.1\" 200 379\n"}
{"level":"info","message":"::1 - - [09/Apr/2024:09:53:35 +0000] \"GET /apidoc/assets/main.css?v=1712656406653 HTTP/1.1\" 200 12019\n"}
{"level":"info","message":"::1 - - [09/Apr/2024:09:53:35 +0000] \"GET /apidoc/assets/bootstrap.min.css?v=1712656406653 HTTP/1.1\" 200 121457\n"}
{"level":"info","message":"::1 - - [09/Apr/2024:09:53:35 +0000] \"GET /apidoc/assets/main.bundle.js?v=1712656406653 HTTP/1.1\" 200 423767\n"}
{"level":"info","message":"::1 - - [09/Apr/2024:09:53:35 +0000] \"GET /apidoc/assets/favicon.ico?v=1712656406653 HTTP/1.1\" 200 24838\n"}
{"level":"info","message":"::1 - - [09/Apr/2024:09:53:35 +0000] \"GET /apidoc/assets/apple-touch-icon.png?v=1712656406653 HTTP/1.1\" 200 8775\n"}
{"level":"info","message":"::1 - - [09/Apr/2024:09:53:42 +0000] \"GET /courses HTTP/1.1\" 401 -\n"}
{"level":"info","message":"[Sat Apr 20 2024 03:11:30 GMT-0500 (Central Daylight Time)] Executing (default): SELECT name FROM sqlite_master WHERE type='table' AND name='locations';"}
{"level":"info","message":"[Sat Apr 20 2024 03:11:30 GMT-0500 (Central Daylight Time)] Executing (default): PRAGMA INDEX_LIST(`locations`)"}
{"level":"info","message":"[Sat Apr 20 2024 03:11:30 GMT-0500 (Central Daylight Time)] Executing (default): PRAGMA INDEX_INFO(`sqlite_autoindex_locations_1`)"}
{"level":"info","message":"[Sat Apr 20 2024 03:11:30 GMT-0500 (Central Daylight Time)] Executing (default): SELECT name FROM sqlite_master WHERE type='table' AND name='users';"}
{"level":"info","message":"[Sat Apr 20 2024 03:11:30 GMT-0500 (Central Daylight Time)] Executing (default): PRAGMA INDEX_LIST(`users`)"}
{"level":"info","message":"[Sat Apr 20 2024 03:11:30 GMT-0500 (Central Daylight Time)] Executing (default): PRAGMA INDEX_INFO(`sqlite_autoindex_users_1`)"}
{"level":"info","message":"[Sat Apr 20 2024 03:11:30 GMT-0500 (Central Daylight Time)] Executing (default): SELECT name FROM sqlite_master WHERE type='table' AND name='courses';"}
{"level":"info","message":"[Sat Apr 20 2024 03:11:30 GMT-0500 (Central Daylight Time)] Executing (default): PRAGMA INDEX_LIST(`courses`)"}
{"level":"info","message":"[Sat Apr 20 2024 03:11:30 GMT-0500 (Central Daylight Time)] Executing (default): PRAGMA INDEX_INFO(`sqlite_autoindex_courses_1`)"}
{"level":"info","message":"[Sat Apr 20 2024 03:11:30 GMT-0500 (Central Daylight Time)] Executing (default): PRAGMA INDEX_INFO(`sqlite_autoindex_courses_2`)"}
{"level":"info","message":"[Sat Apr 20 2024 03:13:12 GMT-0500 (Central Daylight Time)] Executing (default): SELECT name FROM sqlite_master WHERE type='table' AND name='locations';"}
{"level":"info","message":"[Sat Apr 20 2024 03:13:12 GMT-0500 (Central Daylight Time)] Executing (default): PRAGMA INDEX_LIST(`locations`)"}
{"level":"info","message":"[Sat Apr 20 2024 03:13:12 GMT-0500 (Central Daylight Time)] Executing (default): PRAGMA INDEX_INFO(`sqlite_autoindex_locations_1`)"}
{"level":"info","message":"[Sat Apr 20 2024 03:13:12 GMT-0500 (Central Daylight Time)] Executing (default): SELECT name FROM sqlite_master WHERE type='table' AND name='users';"}
{"level":"info","message":"[Sat Apr 20 2024 03:13:12 GMT-0500 (Central Daylight Time)] Executing (default): PRAGMA INDEX_LIST(`users`)"}
{"level":"info","message":"[Sat Apr 20 2024 03:13:12 GMT-0500 (Central Daylight Time)] Executing (default): PRAGMA INDEX_INFO(`sqlite_autoindex_users_1`)"}
{"level":"info","message":"[Sat Apr 20 2024 03:13:12 GMT-0500 (Central Daylight Time)] Executing (default): SELECT name FROM sqlite_master WHERE type='table' AND name='courses';"}
{"level":"info","message":"[Sat Apr 20 2024 03:13:12 GMT-0500 (Central Daylight Time)] Executing (default): PRAGMA INDEX_LIST(`courses`)"}
{"level":"info","message":"[Sat Apr 20 2024 03:13:12 GMT-0500 (Central Daylight Time)] Executing (default): PRAGMA INDEX_INFO(`sqlite_autoindex_courses_1`)"}
{"level":"info","message":"[Sat Apr 20 2024 03:13:12 GMT-0500 (Central Daylight Time)] Executing (default): PRAGMA INDEX_INFO(`sqlite_autoindex_courses_2`)"}
{"level":"info","message":"::1 - - [20/Apr/2024:08:16:36 +0000] \"GET / HTTP/1.1\" 200 27\n"}
{"level":"info","message":"::1 - - [20/Apr/2024:08:16:36 +0000] \"GET /favicon.ico HTTP/1.1\" 404 150\n"}
{"level":"info","message":"::1 - - [20/Apr/2024:08:21:01 +0000] \"GET /apidoc HTTP/1.1\" 301 179\n"}
{"level":"info","message":"::1 - - [20/Apr/2024:08:21:01 +0000] \"GET /apidoc/ HTTP/1.1\" 200 44566\n"}
{"level":"info","message":"::1 - - [20/Apr/2024:08:21:01 +0000] \"GET /apidoc/assets/prism.css?v=1713600790776 HTTP/1.1\" 200 1766\n"}
{"level":"info","message":"::1 - - [20/Apr/2024:08:21:01 +0000] \"GET /apidoc/assets/bootstrap.min.css?v=1713600790776 HTTP/1.1\" 200 121457\n"}
{"level":"info","message":"::1 - - [20/Apr/2024:08:21:01 +0000] \"GET /apidoc/assets/prism-toolbar.css?v=1713600790776 HTTP/1.1\" 200 1565\n"}
{"level":"info","message":"::1 - - [20/Apr/2024:08:21:01 +0000] \"GET /apidoc/assets/prism-diff-highlight.css?v=1713600790776 HTTP/1.1\" 200 379\n"}
{"level":"info","message":"::1 - - [20/Apr/2024:08:21:01 +0000] \"GET /apidoc/assets/main.css?v=1713600790776 HTTP/1.1\" 200 12019\n"}
{"level":"info","message":"::1 - - [20/Apr/2024:08:21:01 +0000] \"GET /apidoc/assets/main.bundle.js?v=1713600790776 HTTP/1.1\" 200 423767\n"}
{"level":"info","message":"::1 - - [20/Apr/2024:08:21:02 +0000] \"GET /apidoc/assets/favicon.ico?v=1713600790776 HTTP/1.1\" 200 24838\n"}
{"level":"info","message":"::1 - - [20/Apr/2024:08:21:02 +0000] \"GET /apidoc/assets/apple-touch-icon.png?v=1713600790776 HTTP/1.1\" 200 8775\n"}
{"level":"info","message":"::1 - - [20/Apr/2024:08:21:09 +0000] \"GET /apidoc/assets/favicon.ico?v=1713600790776 HTTP/1.1\" 304 -\n"}
{"level":"info","message":"::1 - - [20/Apr/2024:08:21:09 +0000] \"GET /apidoc/assets/apple-touch-icon.png?v=1713600790776 HTTP/1.1\" 304 -\n"}
{"level":"info","message":"::1 - - [20/Apr/2024:08:29:15 +0000] \"GET / HTTP/1.1\" 304 -\n"}
{"level":"info","message":"::1 - - [20/Apr/2024:08:29:18 +0000] \"GET /apidoc/ HTTP/1.1\" 304 -\n"}
{"level":"info","message":"::1 - - [20/Apr/2024:08:29:18 +0000] \"GET /apidoc/assets/bootstrap.min.css?v=1713600790776 HTTP/1.1\" 304 -\n"}
{"level":"info","message":"::1 - - [20/Apr/2024:08:29:18 +0000] \"GET /apidoc/assets/prism.css?v=1713600790776 HTTP/1.1\" 304 -\n"}
{"level":"info","message":"::1 - - [20/Apr/2024:08:29:18 +0000] \"GET /apidoc/assets/prism-toolbar.css?v=1713600790776 HTTP/1.1\" 304 -\n"}
{"level":"info","message":"::1 - - [20/Apr/2024:08:29:18 +0000] \"GET /apidoc/assets/prism-diff-highlight.css?v=1713600790776 HTTP/1.1\" 304 -\n"}
{"level":"info","message":"::1 - - [20/Apr/2024:08:29:18 +0000] \"GET /apidoc/assets/main.css?v=1713600790776 HTTP/1.1\" 304 -\n"}
{"level":"info","message":"::1 - - [20/Apr/2024:08:29:18 +0000] \"GET /apidoc/assets/main.bundle.js?v=1713600790776 HTTP/1.1\" 304 -\n"}
{"level":"info","message":"::1 - - [20/Apr/2024:08:53:25 +0000] \"OPTIONS /users HTTP/1.1\" 204 0\n"}
{"level":"info","message":"::1 - - [20/Apr/2024:08:53:25 +0000] \"POST /users HTTP/1.1\" 412 61\n"}
{"level":"info","message":"::1 - - [20/Apr/2024:08:54:51 +0000] \"OPTIONS /users HTTP/1.1\" 204 0\n"}
{"level":"info","message":"::1 - - [20/Apr/2024:08:54:51 +0000] \"POST /users HTTP/1.1\" 412 61\n"}
{"level":"info","message":"::1 - - [20/Apr/2024:08:55:38 +0000] \"OPTIONS /users HTTP/1.1\" 204 0\n"}
{"level":"info","message":"::1 - - [20/Apr/2024:08:55:38 +0000] \"POST /users HTTP/1.1\" 412 61\n"}
{"level":"info","message":"::1 - - [20/Apr/2024:08:56:41 +0000] \"OPTIONS /users HTTP/1.1\" 204 0\n"}
{"level":"info","message":"::1 - - [20/Apr/2024:08:56:41 +0000] \"POST /users HTTP/1.1\" 412 61\n"}
{"level":"info","message":"::1 - - [20/Apr/2024:08:56:51 +0000] \"OPTIONS /users HTTP/1.1\" 204 0\n"}
{"level":"info","message":"::1 - - [20/Apr/2024:08:56:51 +0000] \"POST /users HTTP/1.1\" 412 61\n"}
{"level":"info","message":"::1 - - [20/Apr/2024:08:57:08 +0000] \"GET / HTTP/1.1\" 304 -\n"}
{"level":"info","message":"::1 - - [20/Apr/2024:08:57:12 +0000] \"GET /users HTTP/1.1\" 404 144\n"}
{"level":"info","message":"::1 - - [20/Apr/2024:08:58:41 +0000] \"OPTIONS /users HTTP/1.1\" 204 0\n"}
{"level":"info","message":"[Sat Apr 20 2024 03:58:41 GMT-0500 (Central Daylight Time)] Executing (default): INSERT INTO `users` (`id`,`name`,`password`,`email`,`created_at`,`updated_at`) VALUES (NULL,$1,$2,$3,$4,$5);"}
{"level":"info","message":"::1 - - [20/Apr/2024:08:58:41 +0000] \"POST /users HTTP/1.1\" 200 242\n"}
{"level":"info","message":"::1 - - [20/Apr/2024:09:03:45 +0000] \"OPTIONS /token HTTP/1.1\" 204 0\n"}
{"level":"info","message":"[Sat Apr 20 2024 04:03:45 GMT-0500 (Central Daylight Time)] Executing (default): SELECT `id`, `name`, `password`, `email`, `created_at` AS `createdAt`, `updated_at` AS `updatedAt` FROM `users` AS `Users` WHERE `Users`.`email` = 'test@test.com';"}
{"level":"info","message":"::1 - - [20/Apr/2024:09:03:45 +0000] \"POST /token HTTP/1.1\" 200 112\n"}
{"level":"info","message":"::1 - - [20/Apr/2024:09:12:13 +0000] \"OPTIONS /token HTTP/1.1\" 204 0\n"}
{"level":"info","message":"[Sat Apr 20 2024 04:12:13 GMT-0500 (Central Daylight Time)] Executing (default): SELECT `id`, `name`, `password`, `email`, `created_at` AS `createdAt`, `updated_at` AS `updatedAt` FROM `users` AS `Users` WHERE `Users`.`email` = 'test@test.com';"}
{"level":"info","message":"::1 - - [20/Apr/2024:09:12:13 +0000] \"POST /token HTTP/1.1\" 200 112\n"}
{"level":"info","message":"::1 - - [20/Apr/2024:09:12:19 +0000] \"OPTIONS /token HTTP/1.1\" 204 0\n"}
{"level":"info","message":"[Sat Apr 20 2024 04:12:19 GMT-0500 (Central Daylight Time)] Executing (default): SELECT `id`, `name`, `password`, `email`, `created_at` AS `createdAt`, `updated_at` AS `updatedAt` FROM `users` AS `Users` WHERE `Users`.`email` = 'test@test.com';"}
{"level":"info","message":"::1 - - [20/Apr/2024:09:12:19 +0000] \"POST /token HTTP/1.1\" 200 112\n"}
{"level":"info","message":"[Sat Apr 20 2024 04:12:21 GMT-0500 (Central Daylight Time)] Executing (default): SELECT `id`, `name`, `password`, `email`, `created_at` AS `createdAt`, `updated_at` AS `updatedAt` FROM `users` AS `Users` WHERE `Users`.`email` = 'test@test.com';"}
{"level":"info","message":"::1 - - [20/Apr/2024:09:12:21 +0000] \"POST /token HTTP/1.1\" 200 112\n"}
{"level":"info","message":"::1 - - [20/Apr/2024:09:12:42 +0000] \"OPTIONS /users HTTP/1.1\" 204 0\n"}
{"level":"info","message":"[Sat Apr 20 2024 04:12:42 GMT-0500 (Central Daylight Time)] Executing (default): INSERT INTO `users` (`id`,`name`,`password`,`email`,`created_at`,`updated_at`) VALUES (NULL,$1,$2,$3,$4,$5);"}
{"level":"info","message":"::1 - - [20/Apr/2024:09:12:42 +0000] \"POST /users HTTP/1.1\" 200 242\n"}
{"level":"info","message":"::1 - - [20/Apr/2024:09:12:51 +0000] \"OPTIONS /token HTTP/1.1\" 204 0\n"}
{"level":"info","message":"[Sat Apr 20 2024 04:12:51 GMT-0500 (Central Daylight Time)] Executing (default): SELECT `id`, `name`, `password`, `email`, `created_at` AS `createdAt`, `updated_at` AS `updatedAt` FROM `users` AS `Users` WHERE `Users`.`email` = 'Ryder@test.com';"}
{"level":"info","message":"::1 - - [20/Apr/2024:09:12:51 +0000] \"POST /token HTTP/1.1\" 200 112\n"}
{"level":"info","message":"::1 - - [20/Apr/2024:09:13:29 +0000] \"OPTIONS /courses HTTP/1.1\" 204 0\n"}
{"level":"info","message":"[Sat Apr 20 2024 04:13:29 GMT-0500 (Central Daylight Time)] Executing (default): SELECT `id`, `name`, `password`, `email`, `created_at` AS `createdAt`, `updated_at` AS `updatedAt` FROM `users` AS `Users` WHERE `Users`.`id` = 44;"}
{"level":"info","message":"::1 - - [20/Apr/2024:09:13:29 +0000] \"POST /courses HTTP/1.1\" 412 302\n"}
{"level":"info","message":"::1 - - [20/Apr/2024:09:19:58 +0000] \"OPTIONS /users HTTP/1.1\" 204 0\n"}
{"level":"info","message":"[Sat Apr 20 2024 04:19:58 GMT-0500 (Central Daylight Time)] Executing (default): INSERT INTO `users` (`id`,`name`,`password`,`email`,`created_at`,`updated_at`) VALUES (NULL,$1,$2,$3,$4,$5);"}
{"level":"info","message":"::1 - - [20/Apr/2024:09:19:58 +0000] \"POST /users HTTP/1.1\" 412 33\n"}
{"level":"info","message":"::1 - - [20/Apr/2024:09:20:18 +0000] \"OPTIONS /users HTTP/1.1\" 204 0\n"}
{"level":"info","message":"[Sat Apr 20 2024 04:20:18 GMT-0500 (Central Daylight Time)] Executing (default): INSERT INTO `users` (`id`,`name`,`password`,`email`,`created_at`,`updated_at`) VALUES (NULL,$1,$2,$3,$4,$5);"}
{"level":"info","message":"::1 - - [20/Apr/2024:09:20:18 +0000] \"POST /users HTTP/1.1\" 412 33\n"}
{"level":"info","message":"::1 - - [20/Apr/2024:09:20:27 +0000] \"OPTIONS /token HTTP/1.1\" 204 0\n"}
{"level":"info","message":"[Sat Apr 20 2024 04:20:27 GMT-0500 (Central Daylight Time)] Executing (default): SELECT `id`, `name`, `password`, `email`, `created_at` AS `createdAt`, `updated_at` AS `updatedAt` FROM `users` AS `Users` WHERE `Users`.`email` = 'Ryder@test.com';"}
{"level":"info","message":"::1 - - [20/Apr/2024:09:20:27 +0000] \"POST /token HTTP/1.1\" 401 12\n"}
{"level":"info","message":"::1 - - [20/Apr/2024:09:20:39 +0000] \"OPTIONS /token HTTP/1.1\" 204 0\n"}
{"level":"info","message":"[Sat Apr 20 2024 04:20:39 GMT-0500 (Central Daylight Time)] Executing (default): SELECT `id`, `name`, `password`, `email`, `created_at` AS `createdAt`, `updated_at` AS `updatedAt` FROM `users` AS `Users` WHERE `Users`.`email` = 'Ryder@test.com';"}
{"level":"info","message":"::1 - - [20/Apr/2024:09:20:39 +0000] \"POST /token HTTP/1.1\" 401 12\n"}
{"level":"info","message":"::1 - - [20/Apr/2024:09:21:17 +0000] \"OPTIONS /users HTTP/1.1\" 204 0\n"}
{"level":"info","message":"[Sat Apr 20 2024 04:21:17 GMT-0500 (Central Daylight Time)] Executing (default): INSERT INTO `users` (`id`,`name`,`password`,`email`,`created_at`,`updated_at`) VALUES (NULL,$1,$2,$3,$4,$5);"}
{"level":"info","message":"::1 - - [20/Apr/2024:09:21:17 +0000] \"POST /users HTTP/1.1\" 412 33\n"}
{"level":"info","message":"::1 - - [20/Apr/2024:09:22:56 +0000] \"OPTIONS /users HTTP/1.1\" 204 0\n"}
{"level":"info","message":"[Sat Apr 20 2024 04:22:56 GMT-0500 (Central Daylight Time)] Executing (default): INSERT INTO `users` (`id`,`name`,`password`,`email`,`created_at`,`updated_at`) VALUES (NULL,$1,$2,$3,$4,$5);"}
{"level":"info","message":"::1 - - [20/Apr/2024:09:22:56 +0000] \"POST /users HTTP/1.1\" 412 33\n"}
{"level":"info","message":"::1 - - [20/Apr/2024:09:23:10 +0000] \"OPTIONS /users HTTP/1.1\" 204 0\n"}
{"level":"info","message":"[Sat Apr 20 2024 04:23:10 GMT-0500 (Central Daylight Time)] Executing (default): INSERT INTO `users` (`id`,`name`,`password`,`email`,`created_at`,`updated_at`) VALUES (NULL,$1,$2,$3,$4,$5);"}
{"level":"info","message":"::1 - - [20/Apr/2024:09:23:10 +0000] \"POST /users HTTP/1.1\" 200 238\n"}
{"level":"info","message":"::1 - - [20/Apr/2024:09:23:21 +0000] \"OPTIONS /token HTTP/1.1\" 204 0\n"}
{"level":"info","message":"[Sat Apr 20 2024 04:23:21 GMT-0500 (Central Daylight Time)] Executing (default): SELECT `id`, `name`, `password`, `email`, `created_at` AS `createdAt`, `updated_at` AS `updatedAt` FROM `users` AS `Users` WHERE `Users`.`email` = 'rob@test.com';"}
{"level":"info","message":"::1 - - [20/Apr/2024:09:23:21 +0000] \"POST /token HTTP/1.1\" 200 112\n"}
{"level":"info","message":"::1 - - [20/Apr/2024:09:23:44 +0000] \"OPTIONS /courses HTTP/1.1\" 204 0\n"}
{"level":"info","message":"[Sat Apr 20 2024 04:23:44 GMT-0500 (Central Daylight Time)] Executing (default): SELECT `id`, `name`, `password`, `email`, `created_at` AS `createdAt`, `updated_at` AS `updatedAt` FROM `users` AS `Users` WHERE `Users`.`id` = 45;"}
{"level":"info","message":"::1 - - [20/Apr/2024:09:23:44 +0000] \"POST /courses HTTP/1.1\" 412 302\n"}
{"level":"info","message":"::1 - - [20/Apr/2024:09:28:24 +0000] \"OPTIONS /token HTTP/1.1\" 204 0\n"}
{"level":"info","message":"[Sat Apr 20 2024 04:28:24 GMT-0500 (Central Daylight Time)] Executing (default): SELECT `id`, `name`, `password`, `email`, `created_at` AS `createdAt`, `updated_at` AS `updatedAt` FROM `users` AS `Users` WHERE `Users`.`email` = 'test@test.com';"}
{"level":"info","message":"::1 - - [20/Apr/2024:09:28:24 +0000] \"POST /token HTTP/1.1\" 200 112\n"}
{"level":"info","message":"::1 - - [20/Apr/2024:09:28:44 +0000] \"OPTIONS /courses HTTP/1.1\" 204 0\n"}
{"level":"info","message":"[Sat Apr 20 2024 04:28:44 GMT-0500 (Central Daylight Time)] Executing (default): SELECT `id`, `name`, `password`, `email`, `created_at` AS `createdAt`, `updated_at` AS `updatedAt` FROM `users` AS `Users` WHERE `Users`.`id` = 41;"}
{"level":"info","message":"::1 - - [20/Apr/2024:09:28:44 +0000] \"POST /courses HTTP/1.1\" 412 302\n"}
{"level":"info","message":"::1 - - [20/Apr/2024:09:34:12 +0000] \"OPTIONS /token HTTP/1.1\" 204 0\n"}
{"level":"info","message":"[Sat Apr 20 2024 04:34:12 GMT-0500 (Central Daylight Time)] Executing (default): SELECT `id`, `name`, `password`, `email`, `created_at` AS `createdAt`, `updated_at` AS `updatedAt` FROM `users` AS `Users` WHERE `Users`.`email` = 'test@test.com';"}
{"level":"info","message":"::1 - - [20/Apr/2024:09:34:12 +0000] \"POST /token HTTP/1.1\" 200 112\n"}
{"level":"info","message":"::1 - - [20/Apr/2024:09:34:37 +0000] \"OPTIONS /courses HTTP/1.1\" 204 0\n"}
{"level":"info","message":"[Sat Apr 20 2024 04:34:37 GMT-0500 (Central Daylight Time)] Executing (default): SELECT `id`, `name`, `password`, `email`, `created_at` AS `createdAt`, `updated_at` AS `updatedAt` FROM `users` AS `Users` WHERE `Users`.`id` = 41;"}
{"level":"info","message":"::1 - - [20/Apr/2024:09:34:37 +0000] \"POST /courses HTTP/1.1\" 412 302\n"}
{"level":"info","message":"::1 - - [20/Apr/2024:09:35:45 +0000] \"GET / HTTP/1.1\" 304 -\n"}
{"level":"info","message":"::1 - - [20/Apr/2024:09:35:49 +0000] \"GET /user HTTP/1.1\" 401 -\n"}
{"level":"info","message":"::1 - - [20/Apr/2024:09:35:52 +0000] \"GET /users HTTP/1.1\" 404 144\n"}
{"level":"info","message":"::1 - - [20/Apr/2024:09:36:07 +0000] \"OPTIONS /token HTTP/1.1\" 204 0\n"}
{"level":"info","message":"[Sat Apr 20 2024 04:36:07 GMT-0500 (Central Daylight Time)] Executing (default): SELECT `id`, `name`, `password`, `email`, `created_at` AS `createdAt`, `updated_at` AS `updatedAt` FROM `users` AS `Users` WHERE `Users`.`email` = 'test@test.com';"}
{"level":"info","message":"::1 - - [20/Apr/2024:09:36:07 +0000] \"POST /token HTTP/1.1\" 200 112\n"}
{"level":"info","message":"::1 - - [20/Apr/2024:09:36:22 +0000] \"OPTIONS /courses HTTP/1.1\" 204 0\n"}
{"level":"info","message":"[Sat Apr 20 2024 04:36:22 GMT-0500 (Central Daylight Time)] Executing (default): SELECT `id`, `name`, `password`, `email`, `created_at` AS `createdAt`, `updated_at` AS `updatedAt` FROM `users` AS `Users` WHERE `Users`.`id` = 41;"}
{"level":"info","message":"::1 - - [20/Apr/2024:09:36:22 +0000] \"POST /courses HTTP/1.1\" 412 302\n"}
{"level":"info","message":"::1 - - [20/Apr/2024:09:41:41 +0000] \"OPTIONS /token HTTP/1.1\" 204 0\n"}
{"level":"info","message":"[Sat Apr 20 2024 04:41:41 GMT-0500 (Central Daylight Time)] Executing (default): SELECT `id`, `name`, `password`, `email`, `created_at` AS `createdAt`, `updated_at` AS `updatedAt` FROM `users` AS `Users` WHERE `Users`.`email` = 'test@test.com';"}
{"level":"info","message":"::1 - - [20/Apr/2024:09:41:41 +0000] \"POST /token HTTP/1.1\" 200 112\n"}
{"level":"info","message":"::1 - - [20/Apr/2024:09:41:58 +0000] \"OPTIONS /courses HTTP/1.1\" 204 0\n"}
{"level":"info","message":"[Sat Apr 20 2024 04:41:58 GMT-0500 (Central Daylight Time)] Executing (default): SELECT `id`, `name`, `password`, `email`, `created_at` AS `createdAt`, `updated_at` AS `updatedAt` FROM `users` AS `Users` WHERE `Users`.`id` = 41;"}
{"level":"info","message":"::1 - - [20/Apr/2024:09:41:58 +0000] \"POST /courses HTTP/1.1\" 412 302\n"}
{"level":"info","message":"::1 - - [20/Apr/2024:09:43:28 +0000] \"GET / HTTP/1.1\" 304 -\n"}
{"level":"info","message":"::1 - - [20/Apr/2024:09:43:36 +0000] \"GET /courses HTTP/1.1\" 401 -\n"}
{"level":"info","message":"::1 - - [20/Apr/2024:09:45:07 +0000] \"OPTIONS /token HTTP/1.1\" 204 0\n"}
{"level":"info","message":"[Sat Apr 20 2024 04:45:07 GMT-0500 (Central Daylight Time)] Executing (default): SELECT `id`, `name`, `password`, `email`, `created_at` AS `createdAt`, `updated_at` AS `updatedAt` FROM `users` AS `Users` WHERE `Users`.`email` = 'test@test.com';"}
{"level":"info","message":"::1 - - [20/Apr/2024:09:45:07 +0000] \"POST /token HTTP/1.1\" 200 112\n"}
{"level":"info","message":"::1 - - [20/Apr/2024:09:45:25 +0000] \"OPTIONS /courses HTTP/1.1\" 204 0\n"}
{"level":"info","message":"[Sat Apr 20 2024 04:45:25 GMT-0500 (Central Daylight Time)] Executing (default): SELECT `id`, `name`, `password`, `email`, `created_at` AS `createdAt`, `updated_at` AS `updatedAt` FROM `users` AS `Users` WHERE `Users`.`id` = 41;"}
{"level":"info","message":"::1 - - [20/Apr/2024:09:45:25 +0000] \"POST /courses HTTP/1.1\" 412 302\n"}
{"level":"info","message":"::1 - - [20/Apr/2024:09:50:17 +0000] \"OPTIONS /token HTTP/1.1\" 204 0\n"}
{"level":"info","message":"[Sat Apr 20 2024 04:50:17 GMT-0500 (Central Daylight Time)] Executing (default): SELECT `id`, `name`, `password`, `email`, `created_at` AS `createdAt`, `updated_at` AS `updatedAt` FROM `users` AS `Users` WHERE `Users`.`email` = 'test@test.com';"}
{"level":"info","message":"::1 - - [20/Apr/2024:09:50:18 +0000] \"POST /token HTTP/1.1\" 200 112\n"}
{"level":"info","message":"::1 - - [20/Apr/2024:09:50:34 +0000] \"OPTIONS /courses HTTP/1.1\" 204 0\n"}
{"level":"info","message":"[Sat Apr 20 2024 04:50:34 GMT-0500 (Central Daylight Time)] Executing (default): SELECT `id`, `name`, `password`, `email`, `created_at` AS `createdAt`, `updated_at` AS `updatedAt` FROM `users` AS `Users` WHERE `Users`.`id` = 41;"}
{"level":"info","message":"::1 - - [20/Apr/2024:09:50:34 +0000] \"POST /courses HTTP/1.1\" 412 302\n"}
{"level":"info","message":"::1 - - [20/Apr/2024:09:52:48 +0000] \"OPTIONS /token HTTP/1.1\" 204 0\n"}
{"level":"info","message":"[Sat Apr 20 2024 04:52:48 GMT-0500 (Central Daylight Time)] Executing (default): SELECT `id`, `name`, `password`, `email`, `created_at` AS `createdAt`, `updated_at` AS `updatedAt` FROM `users` AS `Users` WHERE `Users`.`email` = 'test@test.com';"}
{"level":"info","message":"::1 - - [20/Apr/2024:09:52:48 +0000] \"POST /token HTTP/1.1\" 200 112\n"}
{"level":"info","message":"::1 - - [20/Apr/2024:09:53:00 +0000] \"OPTIONS /courses HTTP/1.1\" 204 0\n"}
{"level":"info","message":"[Sat Apr 20 2024 04:53:00 GMT-0500 (Central Daylight Time)] Executing (default): SELECT `id`, `name`, `password`, `email`, `created_at` AS `createdAt`, `updated_at` AS `updatedAt` FROM `users` AS `Users` WHERE `Users`.`id` = 41;"}
{"level":"info","message":"::1 - - [20/Apr/2024:09:53:00 +0000] \"POST /courses HTTP/1.1\" 412 302\n"}
{"level":"info","message":"::1 - - [20/Apr/2024:09:53:37 +0000] \"GET /courses HTTP/1.1\" 401 -\n"}
{"level":"info","message":"::1 - - [20/Apr/2024:09:54:31 +0000] \"OPTIONS /users HTTP/1.1\" 204 0\n"}
{"level":"info","message":"[Sat Apr 20 2024 04:54:31 GMT-0500 (Central Daylight Time)] Executing (default): INSERT INTO `users` (`id`,`name`,`password`,`email`,`created_at`,`updated_at`) VALUES (NULL,$1,$2,$3,$4,$5);"}
{"level":"info","message":"::1 - - [20/Apr/2024:09:54:31 +0000] \"POST /users HTTP/1.1\" 412 33\n"}
{"level":"info","message":"::1 - - [20/Apr/2024:09:54:36 +0000] \"OPTIONS /users HTTP/1.1\" 204 0\n"}
{"level":"info","message":"[Sat Apr 20 2024 04:54:36 GMT-0500 (Central Daylight Time)] Executing (default): INSERT INTO `users` (`id`,`name`,`password`,`email`,`created_at`,`updated_at`) VALUES (NULL,$1,$2,$3,$4,$5);"}
{"level":"info","message":"::1 - - [20/Apr/2024:09:54:36 +0000] \"POST /users HTTP/1.1\" 412 33\n"}
{"level":"info","message":"::1 - - [20/Apr/2024:09:54:44 +0000] \"OPTIONS /users HTTP/1.1\" 204 0\n"}
{"level":"info","message":"[Sat Apr 20 2024 04:54:44 GMT-0500 (Central Daylight Time)] Executing (default): INSERT INTO `users` (`id`,`name`,`password`,`email`,`created_at`,`updated_at`) VALUES (NULL,$1,$2,$3,$4,$5);"}
{"level":"info","message":"::1 - - [20/Apr/2024:09:54:44 +0000] \"POST /users HTTP/1.1\" 200 239\n"}
{"level":"info","message":"::1 - - [20/Apr/2024:09:54:49 +0000] \"OPTIONS /token HTTP/1.1\" 204 0\n"}
{"level":"info","message":"[Sat Apr 20 2024 04:54:49 GMT-0500 (Central Daylight Time)] Executing (default): SELECT `id`, `name`, `password`, `email`, `created_at` AS `createdAt`, `updated_at` AS `updatedAt` FROM `users` AS `Users` WHERE `Users`.`email` = 'job@test.com';"}
{"level":"info","message":"::1 - - [20/Apr/2024:09:54:49 +0000] \"POST /token HTTP/1.1\" 200 112\n"}
{"level":"info","message":"::1 - - [20/Apr/2024:09:54:58 +0000] \"OPTIONS /courses HTTP/1.1\" 204 0\n"}
{"level":"info","message":"[Sat Apr 20 2024 04:54:58 GMT-0500 (Central Daylight Time)] Executing (default): SELECT `id`, `name`, `password`, `email`, `created_at` AS `createdAt`, `updated_at` AS `updatedAt` FROM `users` AS `Users` WHERE `Users`.`id` = 46;"}
{"level":"info","message":"::1 - - [20/Apr/2024:09:54:58 +0000] \"POST /courses HTTP/1.1\" 412 302\n"}
{"level":"info","message":"::1 - - [20/Apr/2024:09:55:00 +0000] \"OPTIONS /token HTTP/1.1\" 204 0\n"}
{"level":"info","message":"[Sat Apr 20 2024 04:55:00 GMT-0500 (Central Daylight Time)] Executing (default): SELECT `id`, `name`, `password`, `email`, `created_at` AS `createdAt`, `updated_at` AS `updatedAt` FROM `users` AS `Users` WHERE `Users`.`email` = 'job@test.com';"}
{"level":"info","message":"::1 - - [20/Apr/2024:09:55:00 +0000] \"POST /token HTTP/1.1\" 200 112\n"}
{"level":"info","message":"[Sat Apr 20 2024 04:55:01 GMT-0500 (Central Daylight Time)] Executing (default): SELECT `id`, `name`, `password`, `email`, `created_at` AS `createdAt`, `updated_at` AS `updatedAt` FROM `users` AS `Users` WHERE `Users`.`id` = 46;"}
{"level":"info","message":"::1 - - [20/Apr/2024:09:55:01 +0000] \"POST /courses HTTP/1.1\" 412 302\n"}
{"level":"info","message":"::1 - - [20/Apr/2024:09:56:08 +0000] \"OPTIONS /users HTTP/1.1\" 204 0\n"}
{"level":"info","message":"[Sat Apr 20 2024 04:56:08 GMT-0500 (Central Daylight Time)] Executing (default): INSERT INTO `users` (`id`,`name`,`password`,`email`,`created_at`,`updated_at`) VALUES (NULL,$1,$2,$3,$4,$5);"}
{"level":"info","message":"::1 - - [20/Apr/2024:09:56:08 +0000] \"POST /users HTTP/1.1\" 412 33\n"}
{"level":"info","message":"[Sat Apr 20 2024 04:56:12 GMT-0500 (Central Daylight Time)] Executing (default): INSERT INTO `users` (`id`,`name`,`password`,`email`,`created_at`,`updated_at`) VALUES (NULL,$1,$2,$3,$4,$5);"}
{"level":"info","message":"::1 - - [20/Apr/2024:09:56:12 +0000] \"POST /users HTTP/1.1\" 200 239\n"}
{"level":"info","message":"::1 - - [20/Apr/2024:09:56:19 +0000] \"OPTIONS /token HTTP/1.1\" 204 0\n"}
{"level":"info","message":"[Sat Apr 20 2024 04:56:19 GMT-0500 (Central Daylight Time)] Executing (default): SELECT `id`, `name`, `password`, `email`, `created_at` AS `createdAt`, `updated_at` AS `updatedAt` FROM `users` AS `Users` WHERE `Users`.`email` = 'robb@test.com';"}
{"level":"info","message":"::1 - - [20/Apr/2024:09:56:19 +0000] \"POST /token HTTP/1.1\" 200 112\n"}
{"level":"info","message":"::1 - - [20/Apr/2024:09:56:31 +0000] \"OPTIONS /courses HTTP/1.1\" 204 0\n"}
{"level":"info","message":"[Sat Apr 20 2024 04:56:31 GMT-0500 (Central Daylight Time)] Executing (default): SELECT `id`, `name`, `password`, `email`, `created_at` AS `createdAt`, `updated_at` AS `updatedAt` FROM `users` AS `Users` WHERE `Users`.`id` = 47;"}
{"level":"info","message":"::1 - - [20/Apr/2024:09:56:31 +0000] \"POST /courses HTTP/1.1\" 412 302\n"}
{"level":"info","message":"::1 - - [20/Apr/2024:09:58:29 +0000] \"OPTIONS /token HTTP/1.1\" 204 0\n"}
{"level":"info","message":"[Sat Apr 20 2024 04:58:29 GMT-0500 (Central Daylight Time)] Executing (default): SELECT `id`, `name`, `password`, `email`, `created_at` AS `createdAt`, `updated_at` AS `updatedAt` FROM `users` AS `Users` WHERE `Users`.`email` = 'robb@test.com';"}
{"level":"info","message":"::1 - - [20/Apr/2024:09:58:29 +0000] \"POST /token HTTP/1.1\" 200 112\n"}
{"level":"info","message":"::1 - - [20/Apr/2024:09:58:40 +0000] \"OPTIONS /courses HTTP/1.1\" 204 0\n"}
{"level":"info","message":"[Sat Apr 20 2024 04:58:40 GMT-0500 (Central Daylight Time)] Executing (default): SELECT `id`, `name`, `password`, `email`, `created_at` AS `createdAt`, `updated_at` AS `updatedAt` FROM `users` AS `Users` WHERE `Users`.`id` = 47;"}
{"level":"info","message":"::1 - - [20/Apr/2024:09:58:40 +0000] \"POST /courses HTTP/1.1\" 412 302\n"}
{"level":"info","message":"::1 - - [20/Apr/2024:10:00:29 +0000] \"OPTIONS /courses HTTP/1.1\" 204 0\n"}
{"level":"info","message":"[Sat Apr 20 2024 05:00:29 GMT-0500 (Central Daylight Time)] Executing (default): SELECT `id`, `name`, `password`, `email`, `created_at` AS `createdAt`, `updated_at` AS `updatedAt` FROM `users` AS `Users` WHERE `Users`.`id` = 47;"}
{"level":"info","message":"::1 - - [20/Apr/2024:10:00:29 +0000] \"POST /courses HTTP/1.1\" 412 302\n"}
{"level":"info","message":"[Sat Apr 20 2024 05:00:29 GMT-0500 (Central Daylight Time)] Executing (default): SELECT `id`, `name`, `password`, `email`, `created_at` AS `createdAt`, `updated_at` AS `updatedAt` FROM `users` AS `Users` WHERE `Users`.`id` = 47;"}
{"level":"info","message":"::1 - - [20/Apr/2024:10:00:29 +0000] \"POST /courses HTTP/1.1\" 412 302\n"}
{"level":"info","message":"[Sat Apr 20 2024 05:00:29 GMT-0500 (Central Daylight Time)] Executing (default): SELECT `id`, `name`, `password`, `email`, `created_at` AS `createdAt`, `updated_at` AS `updatedAt` FROM `users` AS `Users` WHERE `Users`.`id` = 47;"}
{"level":"info","message":"::1 - - [20/Apr/2024:10:00:29 +0000] \"POST /courses HTTP/1.1\" 412 302\n"}
{"level":"info","message":"::1 - - [20/Apr/2024:10:00:32 +0000] \"OPTIONS /token HTTP/1.1\" 204 0\n"}
{"level":"info","message":"[Sat Apr 20 2024 05:00:32 GMT-0500 (Central Daylight Time)] Executing (default): SELECT `id`, `name`, `password`, `email`, `created_at` AS `createdAt`, `updated_at` AS `updatedAt` FROM `users` AS `Users` WHERE `Users`.`email` = 'robb@test.com';"}
{"level":"info","message":"::1 - - [20/Apr/2024:10:00:32 +0000] \"POST /token HTTP/1.1\" 200 112\n"}
{"level":"info","message":"[Sat Apr 20 2024 05:00:32 GMT-0500 (Central Daylight Time)] Executing (default): SELECT `id`, `name`, `password`, `email`, `created_at` AS `createdAt`, `updated_at` AS `updatedAt` FROM `users` AS `Users` WHERE `Users`.`email` = 'robb@test.com';"}
{"level":"info","message":"::1 - - [20/Apr/2024:10:00:32 +0000] \"POST /token HTTP/1.1\" 200 112\n"}
{"level":"info","message":"[Sat Apr 20 2024 05:00:32 GMT-0500 (Central Daylight Time)] Executing (default): SELECT `id`, `name`, `password`, `email`, `created_at` AS `createdAt`, `updated_at` AS `updatedAt` FROM `users` AS `Users` WHERE `Users`.`email` = 'robb@test.com';"}
{"level":"info","message":"::1 - - [20/Apr/2024:10:00:32 +0000] \"POST /token HTTP/1.1\" 200 112\n"}
{"level":"info","message":"[Sat Apr 20 2024 05:00:33 GMT-0500 (Central Daylight Time)] Executing (default): SELECT `id`, `name`, `password`, `email`, `created_at` AS `createdAt`, `updated_at` AS `updatedAt` FROM `users` AS `Users` WHERE `Users`.`email` = 'robb@test.com';"}
{"level":"info","message":"::1 - - [20/Apr/2024:10:00:33 +0000] \"POST /token HTTP/1.1\" 200 112\n"}
{"level":"info","message":"[Sat Apr 20 2024 05:00:33 GMT-0500 (Central Daylight Time)] Executing (default): SELECT `id`, `name`, `password`, `email`, `created_at` AS `createdAt`, `updated_at` AS `updatedAt` FROM `users` AS `Users` WHERE `Users`.`email` = 'robb@test.com';"}
{"level":"info","message":"::1 - - [20/Apr/2024:10:00:33 +0000] \"POST /token HTTP/1.1\" 200 112\n"}
{"level":"info","message":"[Sat Apr 20 2024 05:00:33 GMT-0500 (Central Daylight Time)] Executing (default): SELECT `id`, `name`, `password`, `email`, `created_at` AS `createdAt`, `updated_at` AS `updatedAt` FROM `users` AS `Users` WHERE `Users`.`email` = 'robb@test.com';"}
{"level":"info","message":"::1 - - [20/Apr/2024:10:00:33 +0000] \"POST /token HTTP/1.1\" 200 112\n"}
{"level":"info","message":"[Sat Apr 20 2024 05:00:33 GMT-0500 (Central Daylight Time)] Executing (default): SELECT `id`, `name`, `password`, `email`, `created_at` AS `createdAt`, `updated_at` AS `updatedAt` FROM `users` AS `Users` WHERE `Users`.`email` = 'robb@test.com';"}
{"level":"info","message":"::1 - - [20/Apr/2024:10:00:34 +0000] \"POST /token HTTP/1.1\" 200 112\n"}
{"level":"info","message":"::1 - - [20/Apr/2024:10:00:38 +0000] \"OPTIONS /users HTTP/1.1\" 204 0\n"}
{"level":"info","message":"[Sat Apr 20 2024 05:00:39 GMT-0500 (Central Daylight Time)] Executing (default): INSERT INTO `users` (`id`,`name`,`password`,`email`,`created_at`,`updated_at`) VALUES (NULL,$1,$2,$3,$4,$5);"}
{"level":"info","message":"::1 - - [20/Apr/2024:10:00:39 +0000] \"POST /users HTTP/1.1\" 412 33\n"}
{"level":"info","message":"::1 - - [20/Apr/2024:10:00:40 +0000] \"OPTIONS /token HTTP/1.1\" 204 0\n"}
{"level":"info","message":"[Sat Apr 20 2024 05:00:40 GMT-0500 (Central Daylight Time)] Executing (default): SELECT `id`, `name`, `password`, `email`, `created_at` AS `createdAt`, `updated_at` AS `updatedAt` FROM `users` AS `Users` WHERE `Users`.`email` = 'test@test.com';"}
{"level":"info","message":"::1 - - [20/Apr/2024:10:00:40 +0000] \"POST /token HTTP/1.1\" 200 112\n"}
{"level":"info","message":"::1 - - [20/Apr/2024:10:00:41 +0000] \"OPTIONS /courses HTTP/1.1\" 204 0\n"}
{"level":"info","message":"[Sat Apr 20 2024 05:00:41 GMT-0500 (Central Daylight Time)] Executing (default): SELECT `id`, `name`, `password`, `email`, `created_at` AS `createdAt`, `updated_at` AS `updatedAt` FROM `users` AS `Users` WHERE `Users`.`id` = 41;"}
{"level":"info","message":"::1 - - [20/Apr/2024:10:00:41 +0000] \"POST /courses HTTP/1.1\" 412 302\n"}
{"level":"info","message":"::1 - - [20/Apr/2024:10:02:39 +0000] \"OPTIONS /token HTTP/1.1\" 204 0\n"}
{"level":"info","message":"[Sat Apr 20 2024 05:02:39 GMT-0500 (Central Daylight Time)] Executing (default): SELECT `id`, `name`, `password`, `email`, `created_at` AS `createdAt`, `updated_at` AS `updatedAt` FROM `users` AS `Users` WHERE `Users`.`email` = 'robb@test.com';"}
{"level":"info","message":"::1 - - [20/Apr/2024:10:02:39 +0000] \"POST /token HTTP/1.1\" 200 112\n"}
{"level":"info","message":"::1 - - [20/Apr/2024:10:02:51 +0000] \"OPTIONS /courses HTTP/1.1\" 204 0\n"}
{"level":"info","message":"[Sat Apr 20 2024 05:02:51 GMT-0500 (Central Daylight Time)] Executing (default): SELECT `id`, `name`, `password`, `email`, `created_at` AS `createdAt`, `updated_at` AS `updatedAt` FROM `users` AS `Users` WHERE `Users`.`id` = 47;"}
{"level":"info","message":"::1 - - [20/Apr/2024:10:02:51 +0000] \"POST /courses HTTP/1.1\" 412 302\n"}
{"level":"info","message":"::1 - - [20/Apr/2024:10:04:04 +0000] \"OPTIONS /token HTTP/1.1\" 204 0\n"}
{"level":"info","message":"[Sat Apr 20 2024 05:04:04 GMT-0500 (Central Daylight Time)] Executing (default): SELECT `id`, `name`, `password`, `email`, `created_at` AS `createdAt`, `updated_at` AS `updatedAt` FROM `users` AS `Users` WHERE `Users`.`email` = 'robb@test.com';"}
{"level":"info","message":"::1 - - [20/Apr/2024:10:04:04 +0000] \"POST /token HTTP/1.1\" 200 112\n"}
{"level":"info","message":"::1 - - [20/Apr/2024:10:04:18 +0000] \"OPTIONS /courses HTTP/1.1\" 204 0\n"}
{"level":"info","message":"[Sat Apr 20 2024 05:04:18 GMT-0500 (Central Daylight Time)] Executing (default): SELECT `id`, `name`, `password`, `email`, `created_at` AS `createdAt`, `updated_at` AS `updatedAt` FROM `users` AS `Users` WHERE `Users`.`id` = 47;"}
{"level":"info","message":"::1 - - [20/Apr/2024:10:04:18 +0000] \"POST /courses HTTP/1.1\" 412 302\n"}
{"level":"info","message":"::1 - - [20/Apr/2024:10:05:13 +0000] \"OPTIONS /token HTTP/1.1\" 204 0\n"}
{"level":"info","message":"[Sat Apr 20 2024 05:05:13 GMT-0500 (Central Daylight Time)] Executing (default): SELECT `id`, `name`, `password`, `email`, `created_at` AS `createdAt`, `updated_at` AS `updatedAt` FROM `users` AS `Users` WHERE `Users`.`email` = 'robb@test.com';"}
{"level":"info","message":"::1 - - [20/Apr/2024:10:05:13 +0000] \"POST /token HTTP/1.1\" 200 112\n"}
{"level":"info","message":"::1 - - [20/Apr/2024:10:05:26 +0000] \"OPTIONS /courses HTTP/1.1\" 204 0\n"}
{"level":"info","message":"[Sat Apr 20 2024 05:05:26 GMT-0500 (Central Daylight Time)] Executing (default): SELECT `id`, `name`, `password`, `email`, `created_at` AS `createdAt`, `updated_at` AS `updatedAt` FROM `users` AS `Users` WHERE `Users`.`id` = 47;"}
{"level":"info","message":"::1 - - [20/Apr/2024:10:05:26 +0000] \"POST /courses HTTP/1.1\" 412 302\n"}
{"level":"info","message":"::1 - - [20/Apr/2024:10:07:07 +0000] \"OPTIONS /token HTTP/1.1\" 204 0\n"}
{"level":"info","message":"[Sat Apr 20 2024 05:07:07 GMT-0500 (Central Daylight Time)] Executing (default): SELECT `id`, `name`, `password`, `email`, `created_at` AS `createdAt`, `updated_at` AS `updatedAt` FROM `users` AS `Users` WHERE `Users`.`email` = 'robb@test.com';"}
{"level":"info","message":"::1 - - [20/Apr/2024:10:07:07 +0000] \"POST /token HTTP/1.1\" 200 112\n"}
{"level":"info","message":"::1 - - [20/Apr/2024:10:07:21 +0000] \"OPTIONS /courses HTTP/1.1\" 204 0\n"}
{"level":"info","message":"[Sat Apr 20 2024 05:07:21 GMT-0500 (Central Daylight Time)] Executing (default): SELECT `id`, `name`, `password`, `email`, `created_at` AS `createdAt`, `updated_at` AS `updatedAt` FROM `users` AS `Users` WHERE `Users`.`id` = 47;"}
{"level":"info","message":"::1 - - [20/Apr/2024:10:07:21 +0000] \"POST /courses HTTP/1.1\" 412 302\n"}
{"level":"info","message":"::1 - - [20/Apr/2024:10:09:07 +0000] \"OPTIONS /token HTTP/1.1\" 204 0\n"}
{"level":"info","message":"[Sat Apr 20 2024 05:09:07 GMT-0500 (Central Daylight Time)] Executing (default): SELECT `id`, `name`, `password`, `email`, `created_at` AS `createdAt`, `updated_at` AS `updatedAt` FROM `users` AS `Users` WHERE `Users`.`email` = 'robb@test.com';"}
{"level":"info","message":"::1 - - [20/Apr/2024:10:09:07 +0000] \"POST /token HTTP/1.1\" 200 112\n"}
{"level":"info","message":"::1 - - [20/Apr/2024:10:09:25 +0000] \"OPTIONS /courses HTTP/1.1\" 204 0\n"}
{"level":"info","message":"[Sat Apr 20 2024 05:09:25 GMT-0500 (Central Daylight Time)] Executing (default): SELECT `id`, `name`, `password`, `email`, `created_at` AS `createdAt`, `updated_at` AS `updatedAt` FROM `users` AS `Users` WHERE `Users`.`id` = 47;"}
{"level":"info","message":"::1 - - [20/Apr/2024:10:09:25 +0000] \"POST /courses HTTP/1.1\" 412 302\n"}
{"level":"info","message":"::1 - - [20/Apr/2024:10:15:27 +0000] \"OPTIONS /token HTTP/1.1\" 204 0\n"}
{"level":"info","message":"[Sat Apr 20 2024 05:15:27 GMT-0500 (Central Daylight Time)] Executing (default): SELECT `id`, `name`, `password`, `email`, `created_at` AS `createdAt`, `updated_at` AS `updatedAt` FROM `users` AS `Users` WHERE `Users`.`email` = 'robb@test.com';"}
{"level":"info","message":"::1 - - [20/Apr/2024:10:15:27 +0000] \"POST /token HTTP/1.1\" 200 112\n"}
{"level":"info","message":"::1 - - [20/Apr/2024:10:15:41 +0000] \"OPTIONS /courses HTTP/1.1\" 204 0\n"}
{"level":"info","message":"[Sat Apr 20 2024 05:15:41 GMT-0500 (Central Daylight Time)] Executing (default): SELECT `id`, `name`, `password`, `email`, `created_at` AS `createdAt`, `updated_at` AS `updatedAt` FROM `users` AS `Users` WHERE `Users`.`id` = 47;"}
{"level":"info","message":"::1 - - [20/Apr/2024:10:15:41 +0000] \"POST /courses HTTP/1.1\" 412 302\n"}
{"level":"info","message":"[Sat Apr 20 2024 05:16:31 GMT-0500 (Central Daylight Time)] Executing (default): SELECT name FROM sqlite_master WHERE type='table' AND name='locations';"}
{"level":"info","message":"[Sat Apr 20 2024 05:16:31 GMT-0500 (Central Daylight Time)] Executing (default): PRAGMA INDEX_LIST(`locations`)"}
{"level":"info","message":"[Sat Apr 20 2024 05:16:31 GMT-0500 (Central Daylight Time)] Executing (default): PRAGMA INDEX_INFO(`sqlite_autoindex_locations_1`)"}
{"level":"info","message":"[Sat Apr 20 2024 05:16:31 GMT-0500 (Central Daylight Time)] Executing (default): SELECT name FROM sqlite_master WHERE type='table' AND name='users';"}
{"level":"info","message":"[Sat Apr 20 2024 05:16:31 GMT-0500 (Central Daylight Time)] Executing (default): PRAGMA INDEX_LIST(`users`)"}
{"level":"info","message":"[Sat Apr 20 2024 05:16:31 GMT-0500 (Central Daylight Time)] Executing (default): PRAGMA INDEX_INFO(`sqlite_autoindex_users_1`)"}
{"level":"info","message":"[Sat Apr 20 2024 05:16:31 GMT-0500 (Central Daylight Time)] Executing (default): SELECT name FROM sqlite_master WHERE type='table' AND name='courses';"}
{"level":"info","message":"[Sat Apr 20 2024 05:16:31 GMT-0500 (Central Daylight Time)] Executing (default): PRAGMA INDEX_LIST(`courses`)"}
{"level":"info","message":"[Sat Apr 20 2024 05:16:31 GMT-0500 (Central Daylight Time)] Executing (default): PRAGMA INDEX_INFO(`sqlite_autoindex_courses_1`)"}
{"level":"info","message":"[Sat Apr 20 2024 05:16:31 GMT-0500 (Central Daylight Time)] Executing (default): PRAGMA INDEX_INFO(`sqlite_autoindex_courses_2`)"}
{"level":"info","message":"[Sat Apr 20 2024 05:17:05 GMT-0500 (Central Daylight Time)] Executing (default): SELECT name FROM sqlite_master WHERE type='table' AND name='locations';"}
{"level":"info","message":"[Sat Apr 20 2024 05:17:05 GMT-0500 (Central Daylight Time)] Executing (default): PRAGMA INDEX_LIST(`locations`)"}
{"level":"info","message":"[Sat Apr 20 2024 05:17:05 GMT-0500 (Central Daylight Time)] Executing (default): PRAGMA INDEX_INFO(`sqlite_autoindex_locations_1`)"}
{"level":"info","message":"[Sat Apr 20 2024 05:17:05 GMT-0500 (Central Daylight Time)] Executing (default): SELECT name FROM sqlite_master WHERE type='table' AND name='users';"}
{"level":"info","message":"[Sat Apr 20 2024 05:17:05 GMT-0500 (Central Daylight Time)] Executing (default): PRAGMA INDEX_LIST(`users`)"}
{"level":"info","message":"[Sat Apr 20 2024 05:17:05 GMT-0500 (Central Daylight Time)] Executing (default): PRAGMA INDEX_INFO(`sqlite_autoindex_users_1`)"}
{"level":"info","message":"[Sat Apr 20 2024 05:17:05 GMT-0500 (Central Daylight Time)] Executing (default): SELECT name FROM sqlite_master WHERE type='table' AND name='courses';"}
{"level":"info","message":"[Sat Apr 20 2024 05:17:05 GMT-0500 (Central Daylight Time)] Executing (default): PRAGMA INDEX_LIST(`courses`)"}
{"level":"info","message":"[Sat Apr 20 2024 05:17:05 GMT-0500 (Central Daylight Time)] Executing (default): PRAGMA INDEX_INFO(`sqlite_autoindex_courses_1`)"}
{"level":"info","message":"[Sat Apr 20 2024 05:17:05 GMT-0500 (Central Daylight Time)] Executing (default): PRAGMA INDEX_INFO(`sqlite_autoindex_courses_2`)"}
{"level":"info","message":"::1 - - [20/Apr/2024:10:17:34 +0000] \"OPTIONS /token HTTP/1.1\" 204 0\n"}
{"level":"info","message":"[Sat Apr 20 2024 05:17:34 GMT-0500 (Central Daylight Time)] Executing (default): SELECT `id`, `name`, `password`, `email`, `created_at` AS `createdAt`, `updated_at` AS `updatedAt` FROM `users` AS `Users` WHERE `Users`.`email` = 'robb@test.com';"}
{"level":"info","message":"::1 - - [20/Apr/2024:10:17:34 +0000] \"POST /token HTTP/1.1\" 200 112\n"}
{"level":"info","message":"::1 - - [20/Apr/2024:10:17:46 +0000] \"OPTIONS /courses HTTP/1.1\" 204 0\n"}
{"level":"info","message":"[Sat Apr 20 2024 05:17:46 GMT-0500 (Central Daylight Time)] Executing (default): SELECT `id`, `name`, `password`, `email`, `created_at` AS `createdAt`, `updated_at` AS `updatedAt` FROM `users` AS `Users` WHERE `Users`.`id` = 47;"}
{"level":"info","message":"::1 - - [20/Apr/2024:10:17:46 +0000] \"POST /courses HTTP/1.1\" 412 302\n"}
{"level":"info","message":"::1 - - [20/Apr/2024:10:19:01 +0000] \"OPTIONS /token HTTP/1.1\" 204 0\n"}
{"level":"info","message":"[Sat Apr 20 2024 05:19:01 GMT-0500 (Central Daylight Time)] Executing (default): SELECT `id`, `name`, `password`, `email`, `created_at` AS `createdAt`, `updated_at` AS `updatedAt` FROM `users` AS `Users` WHERE `Users`.`email` = 'robb@test.com';"}
{"level":"info","message":"::1 - - [20/Apr/2024:10:19:01 +0000] \"POST /token HTTP/1.1\" 200 112\n"}
{"level":"info","message":"::1 - - [20/Apr/2024:10:19:16 +0000] \"OPTIONS /courses HTTP/1.1\" 204 0\n"}
{"level":"info","message":"[Sat Apr 20 2024 05:19:16 GMT-0500 (Central Daylight Time)] Executing (default): SELECT `id`, `name`, `password`, `email`, `created_at` AS `createdAt`, `updated_at` AS `updatedAt` FROM `users` AS `Users` WHERE `Users`.`id` = 47;"}
{"level":"info","message":"::1 - - [20/Apr/2024:10:19:16 +0000] \"POST /courses HTTP/1.1\" 412 247\n"}
{"level":"info","message":"::1 - - [20/Apr/2024:10:20:57 +0000] \"OPTIONS /token HTTP/1.1\" 204 0\n"}
{"level":"info","message":"[Sat Apr 20 2024 05:20:57 GMT-0500 (Central Daylight Time)] Executing (default): SELECT `id`, `name`, `password`, `email`, `created_at` AS `createdAt`, `updated_at` AS `updatedAt` FROM `users` AS `Users` WHERE `Users`.`email` = 'robb@test.com';"}
{"level":"info","message":"::1 - - [20/Apr/2024:10:20:57 +0000] \"POST /token HTTP/1.1\" 200 112\n"}
{"level":"info","message":"::1 - - [20/Apr/2024:10:21:12 +0000] \"OPTIONS /courses HTTP/1.1\" 204 0\n"}
{"level":"info","message":"[Sat Apr 20 2024 05:21:12 GMT-0500 (Central Daylight Time)] Executing (default): SELECT `id`, `name`, `password`, `email`, `created_at` AS `createdAt`, `updated_at` AS `updatedAt` FROM `users` AS `Users` WHERE `Users`.`id` = 47;"}
{"level":"info","message":"::1 - - [20/Apr/2024:10:21:12 +0000] \"POST /courses HTTP/1.1\" 412 247\n"}
{"level":"info","message":"::1 - - [20/Apr/2024:10:23:15 +0000] \"OPTIONS /token HTTP/1.1\" 204 0\n"}
{"level":"info","message":"[Sat Apr 20 2024 05:23:15 GMT-0500 (Central Daylight Time)] Executing (default): SELECT `id`, `name`, `password`, `email`, `created_at` AS `createdAt`, `updated_at` AS `updatedAt` FROM `users` AS `Users` WHERE `Users`.`email` = 'robb@test.com';"}
{"level":"info","message":"::1 - - [20/Apr/2024:10:23:15 +0000] \"POST /token HTTP/1.1\" 200 112\n"}
{"level":"info","message":"::1 - - [20/Apr/2024:10:23:28 +0000] \"OPTIONS /courses HTTP/1.1\" 204 0\n"}
{"level":"info","message":"[Sat Apr 20 2024 05:23:28 GMT-0500 (Central Daylight Time)] Executing (default): SELECT `id`, `name`, `password`, `email`, `created_at` AS `createdAt`, `updated_at` AS `updatedAt` FROM `users` AS `Users` WHERE `Users`.`id` = 47;"}
{"level":"info","message":"::1 - - [20/Apr/2024:10:23:28 +0000] \"POST /courses HTTP/1.1\" 412 247\n"}
{"level":"info","message":"::1 - - [20/Apr/2024:10:27:04 +0000] \"OPTIONS /token HTTP/1.1\" 204 0\n"}
{"level":"info","message":"[Sat Apr 20 2024 05:27:04 GMT-0500 (Central Daylight Time)] Executing (default): SELECT `id`, `name`, `password`, `email`, `created_at` AS `createdAt`, `updated_at` AS `updatedAt` FROM `users` AS `Users` WHERE `Users`.`email` = 'robb@test.com';"}
{"level":"info","message":"::1 - - [20/Apr/2024:10:27:04 +0000] \"POST /token HTTP/1.1\" 200 112\n"}
{"level":"info","message":"::1 - - [20/Apr/2024:10:27:15 +0000] \"OPTIONS /courses HTTP/1.1\" 204 0\n"}
{"level":"info","message":"[Sat Apr 20 2024 05:27:15 GMT-0500 (Central Daylight Time)] Executing (default): SELECT `id`, `name`, `password`, `email`, `created_at` AS `createdAt`, `updated_at` AS `updatedAt` FROM `users` AS `Users` WHERE `Users`.`id` = 47;"}
{"level":"info","message":"::1 - - [20/Apr/2024:10:27:15 +0000] \"POST /courses HTTP/1.1\" 412 247\n"}
{"level":"info","message":"[Sat Apr 20 2024 05:27:15 GMT-0500 (Central Daylight Time)] Executing (default): SELECT `id`, `name`, `password`, `email`, `created_at` AS `createdAt`, `updated_at` AS `updatedAt` FROM `users` AS `Users` WHERE `Users`.`id` = 47;"}
{"level":"info","message":"[Sat Apr 20 2024 05:27:15 GMT-0500 (Central Daylight Time)] Executing (default): SELECT `id`, `course_i_d` AS `courseID`, `coursename`, `totalcredits`, `deliverymethod`, `instructor`, `coursedescription`, `created_at` AS `createdAt`, `updated_at` AS `updatedAt`, `location_id` AS `LocationId`, `user_id` AS `UserId`, `course_id` AS `CourseId` FROM `courses` AS `Courses` WHERE `Courses`.`user_id` = 47;"}
{"level":"info","message":"::1 - - [20/Apr/2024:10:27:15 +0000] \"GET /courses HTTP/1.1\" 200 2\n"}
{"level":"info","message":"::1 - - [20/Apr/2024:10:31:42 +0000] \"OPTIONS /token HTTP/1.1\" 204 0\n"}
{"level":"info","message":"[Sat Apr 20 2024 05:31:42 GMT-0500 (Central Daylight Time)] Executing (default): SELECT `id`, `name`, `password`, `email`, `created_at` AS `createdAt`, `updated_at` AS `updatedAt` FROM `users` AS `Users` WHERE `Users`.`email` = 'robb@test.com';"}
{"level":"info","message":"::1 - - [20/Apr/2024:10:31:42 +0000] \"POST /token HTTP/1.1\" 200 112\n"}
{"level":"info","message":"::1 - - [20/Apr/2024:10:31:43 +0000] \"OPTIONS /courses HTTP/1.1\" 204 0\n"}
{"level":"info","message":"[Sat Apr 20 2024 05:31:43 GMT-0500 (Central Daylight Time)] Executing (default): SELECT `id`, `name`, `password`, `email`, `created_at` AS `createdAt`, `updated_at` AS `updatedAt` FROM `users` AS `Users` WHERE `Users`.`id` = 47;"}
{"level":"info","message":"::1 - - [20/Apr/2024:10:31:43 +0000] \"POST /courses HTTP/1.1\" 412 247\n"}
{"level":"info","message":"[Sat Apr 20 2024 05:31:43 GMT-0500 (Central Daylight Time)] Executing (default): SELECT `id`, `name`, `password`, `email`, `created_at` AS `createdAt`, `updated_at` AS `updatedAt` FROM `users` AS `Users` WHERE `Users`.`id` = 47;"}
{"level":"info","message":"[Sat Apr 20 2024 05:31:43 GMT-0500 (Central Daylight Time)] Executing (default): SELECT `id`, `course_i_d` AS `courseID`, `coursename`, `totalcredits`, `deliverymethod`, `instructor`, `coursedescription`, `created_at` AS `createdAt`, `updated_at` AS `updatedAt`, `location_id` AS `LocationId`, `user_id` AS `UserId`, `course_id` AS `CourseId` FROM `courses` AS `Courses` WHERE `Courses`.`user_id` = 47;"}
{"level":"info","message":"::1 - - [20/Apr/2024:10:31:43 +0000] \"GET /courses HTTP/1.1\" 304 -\n"}
{"level":"info","message":"::ffff:127.0.0.1 - - [02/May/2024:19:22:54 +0000] \"GET /courses HTTP/1.1\" 200 814\n"}
{"level":"info","message":"::ffff:127.0.0.1 - - [02/May/2024:19:22:54 +0000] \"POST /courses HTTP/1.1\" 200 305\n"}
{"level":"info","message":"::ffff:127.0.0.1 - - [02/May/2024:19:22:55 +0000] \"GET /courses/1 HTTP/1.1\" 200 343\n"}
{"level":"info","message":"::ffff:127.0.0.1 - - [02/May/2024:19:22:55 +0000] \"GET /courses/0 HTTP/1.1\" 404 9\n"}
{"level":"info","message":"::ffff:127.0.0.1 - - [02/May/2024:19:22:55 +0000] \"PUT /courses/1 HTTP/1.1\" 204 -\n"}
{"level":"info","message":"::ffff:127.0.0.1 - - [02/May/2024:19:22:55 +0000] \"DELETE /courses/1 HTTP/1.1\" 204 -\n"}
{"level":"info","message":"::ffff:127.0.0.1 - - [02/May/2024:19:22:55 +0000] \"GET / HTTP/1.1\" 200 27\n"}
{"level":"info","message":"::ffff:127.0.0.1 - - [02/May/2024:19:22:55 +0000] \"POST /token HTTP/1.1\" 200 112\n"}
{"level":"info","message":"::ffff:127.0.0.1 - - [02/May/2024:19:22:55 +0000] \"POST /token HTTP/1.1\" 401 12\n"}
{"level":"info","message":"::ffff:127.0.0.1 - - [02/May/2024:19:22:55 +0000] \"POST /token HTTP/1.1\" 401 12\n"}
{"level":"info","message":"::ffff:127.0.0.1 - - [02/May/2024:19:22:55 +0000] \"POST /token HTTP/1.1\" 401 12\n"}
{"level":"info","message":"::ffff:127.0.0.1 - - [02/May/2024:19:22:55 +0000] \"GET /user HTTP/1.1\" 200 66\n"}
{"level":"info","message":"::ffff:127.0.0.1 - - [02/May/2024:19:22:55 +0000] \"DELETE /user HTTP/1.1\" 204 -\n"}
{"level":"info","message":"::ffff:127.0.0.1 - - [02/May/2024:19:22:56 +0000] \"POST /users HTTP/1.1\" 200 245\n"}
{"level":"info","message":"::ffff:127.0.0.1 - - [03/May/2024:02:22:01 +0000] \"GET / HTTP/1.1\" 200 39\n"}
{"level":"info","message":"::ffff:127.0.0.1 - - [03/May/2024:02:22:49 +0000] \"GET / HTTP/1.1\" 200 39\n"}
{"level":"info","message":"::ffff:127.0.0.1 - - [03/May/2024:02:30:46 +0000] \"GET / HTTP/1.1\" 200 51\n"}
